生成启动时间为 2016/10/27 10:19:57。
     1>项目“E:\StudyOpencv\OpenCVbeginner\stereocalibrate\stereocalibrate\stereocalibrate.vcxproj”在节点 2 上(build 个目标)。
     1>InitializeBuildStatus:
         正在对“Debug\stereocalibrate.unsuccessfulbuild”执行 Touch 任务。
       ClCompile:
         所有输出均为最新。
       ManifestResourceCompile:
         所有输出均为最新。
       Link:
         D:\Program Files\vs2010\VC\bin\link.exe /ERRORREPORT:PROMPT /OUT:"E:\StudyOpencv\OpenCVbeginner\stereocalibrate\Debug\stereocalibrate.exe" /INCREMENTAL /NOLOGO opencv_calib3d249d.lib opencv_contrib249d.lib opencv_core249d.lib opencv_features2d249d.lib opencv_flann249d.lib opencv_gpu249d.lib opencv_highgui249d.lib opencv_imgproc249d.lib opencv_legacy249d.lib opencv_ml249d.lib opencv_nonfree249d.lib opencv_objdetect249d.lib opencv_ocl249d.lib opencv_photo249d.lib opencv_stitching249d.lib opencv_superres249d.lib opencv_ts249d.lib opencv_video249d.lib opencv_videostab249d.lib kernel32.lib user32.lib gdi32.lib winspool.lib comdlg32.lib advapi32.lib shell32.lib ole32.lib oleaut32.lib uuid.lib odbc32.lib odbccp32.lib /MANIFEST /ManifestFile:"Debug\stereocalibrate.exe.intermediate.manifest" /MANIFESTUAC:"level='asInvoker' uiAccess='false'" /DEBUG /PDB:"E:\StudyOpencv\OpenCVbeginner\stereocalibrate\Debug\stereocalibrate.pdb" /SUBSYSTEM:CONSOLE /TLBID:1 /DYNAMICBASE /NXCOMPAT /IMPLIB:"E:\StudyOpencv\OpenCVbeginner\stereocalibrate\Debug\stereocalibrate.lib" /MACHINE:X86 Debug\stereocalibrate.exe.embed.manifest.res
         Debug\stereocalibrate.obj
       Manifest:
         C:\Program Files (x86)\Microsoft SDKs\Windows\v7.0A\bin\mt.exe /nologo /verbose /out:"Debug\stereocalibrate.exe.embed.manifest" /manifest Debug\stereocalibrate.exe.intermediate.manifest
         C:\Program Files (x86)\Microsoft SDKs\Windows\v7.0A\bin\rc.exe /nologo /fo"Debug\stereocalibrate.exe.embed.manifest.res" Debug\stereocalibrate_manifest.rc 
       LinkEmbedManifest:
         D:\Program Files\vs2010\VC\bin\link.exe /ERRORREPORT:PROMPT /OUT:"E:\StudyOpencv\OpenCVbeginner\stereocalibrate\Debug\stereocalibrate.exe" /INCREMENTAL /NOLOGO opencv_calib3d249d.lib opencv_contrib249d.lib opencv_core249d.lib opencv_features2d249d.lib opencv_flann249d.lib opencv_gpu249d.lib opencv_highgui249d.lib opencv_imgproc249d.lib opencv_legacy249d.lib opencv_ml249d.lib opencv_nonfree249d.lib opencv_objdetect249d.lib opencv_ocl249d.lib opencv_photo249d.lib opencv_stitching249d.lib opencv_superres249d.lib opencv_ts249d.lib opencv_video249d.lib opencv_videostab249d.lib kernel32.lib user32.lib gdi32.lib winspool.lib comdlg32.lib advapi32.lib shell32.lib ole32.lib oleaut32.lib uuid.lib odbc32.lib odbccp32.lib /MANIFEST /ManifestFile:"Debug\stereocalibrate.exe.intermediate.manifest" /MANIFESTUAC:"level='asInvoker' uiAccess='false'" /DEBUG /PDB:"E:\StudyOpencv\OpenCVbeginner\stereocalibrate\Debug\stereocalibrate.pdb" /SUBSYSTEM:CONSOLE /TLBID:1 /DYNAMICBASE /NXCOMPAT /IMPLIB:"E:\StudyOpencv\OpenCVbeginner\stereocalibrate\Debug\stereocalibrate.lib" /MACHINE:X86 Debug\stereocalibrate.exe.embed.manifest.res
         Debug\stereocalibrate.obj
         stereocalibrate.vcxproj -> E:\StudyOpencv\OpenCVbeginner\stereocalibrate\Debug\stereocalibrate.exe
       FinalizeBuildStatus:
         正在删除文件“Debug\stereocalibrate.unsuccessfulbuild”。
         正在对“Debug\stereocalibrate.lastbuildstate”执行 Touch 任务。
     1>已完成生成项目“E:\StudyOpencv\OpenCVbeginner\stereocalibrate\stereocalibrate\stereocalibrate.vcxproj”(build 个目标)的操作。

生成成功。

已用时间 00:00:01.13
