生成启动时间为 2016/11/8 11:42:04。
     1>项目“E:\cv\OpenCVbeginner\stereocalibrate\stereocalibrate\stereocalibrate.vcxproj”在节点 2 上(build 个目标)。
     1>InitializeBuildStatus:
         正在创建“x64\Debug\stereocalibrate.unsuccessfulbuild”，因为已指定“AlwaysCreate”。
       ClCompile:
         D:\Program File\vs2010\VC\bin\x86_amd64\CL.exe /c /Zi /nologo /W3 /WX- /Od /D WIN32 /D _DEBUG /D _CONSOLE /D _UNICODE /D UNICODE /Gm /EHsc /RTC1 /MDd /GS /fp:precise /Zc:wchar_t /Zc:forScope /Fo"x64\Debug\\" /Fd"x64\Debug\vc100.pdb" /Gd /TP /errorReport:prompt main.cpp
         main.cpp
     1>main.cpp(264): warning C4101: “phyx”: 未引用的局部变量
     1>main.cpp(264): warning C4101: “phyy”: 未引用的局部变量
     1>main.cpp(264): warning C4101: “phyz”: 未引用的局部变量
       ManifestResourceCompile:
         所有输出均为最新。
       Link:
         D:\Program File\vs2010\VC\bin\x86_amd64\link.exe /ERRORREPORT:PROMPT /OUT:"E:\cv\OpenCVbeginner\stereocalibrate\x64\Debug\stereocalibrate.exe" /INCREMENTAL /NOLOGO opencv_calib3d249d.lib opencv_contrib249d.lib opencv_core249d.lib opencv_features2d249d.lib opencv_flann249d.lib opencv_gpu249d.lib opencv_highgui249d.lib opencv_imgproc249d.lib opencv_legacy249d.lib opencv_ml249d.lib opencv_nonfree249d.lib opencv_objdetect249d.lib opencv_ocl249d.lib opencv_photo249d.lib opencv_stitching249d.lib opencv_superres249d.lib opencv_ts249d.lib opencv_video249d.lib opencv_videostab249d.lib kernel32.lib user32.lib gdi32.lib winspool.lib comdlg32.lib advapi32.lib shell32.lib ole32.lib oleaut32.lib uuid.lib odbc32.lib odbccp32.lib /MANIFEST /ManifestFile:"x64\Debug\stereocalibrate.exe.intermediate.manifest" /MANIFESTUAC:"level='asInvoker' uiAccess='false'" /DEBUG /PDB:"E:\cv\OpenCVbeginner\stereocalibrate\x64\Debug\stereocalibrate.pdb" /SUBSYSTEM:CONSOLE /TLBID:1 /DYNAMICBASE /NXCOMPAT /IMPLIB:"E:\cv\OpenCVbeginner\stereocalibrate\x64\Debug\stereocalibrate.lib" /MACHINE:X64 x64\Debug\stereocalibrate.exe.embed.manifest.res
         x64\Debug\main.obj
         x64\Debug\picturegrub.obj
         x64\Debug\pointcloud.obj
         x64\Debug\stereocalib.obj
         x64\Debug\stereomatch.obj
         stereocalibrate.vcxproj -> E:\cv\OpenCVbeginner\stereocalibrate\x64\Debug\stereocalibrate.exe
       Manifest:
         C:\Program Files (x86)\Microsoft SDKs\Windows\v7.0A\bin\mt.exe /nologo /verbose /out:"x64\Debug\stereocalibrate.exe.embed.manifest" /manifest x64\Debug\stereocalibrate.exe.intermediate.manifest
         所有输出均为最新。
       LinkEmbedManifest:
         所有输出均为最新。
         stereocalibrate.vcxproj -> E:\cv\OpenCVbeginner\stereocalibrate\x64\Debug\stereocalibrate.exe
       FinalizeBuildStatus:
         正在删除文件“x64\Debug\stereocalibrate.unsuccessfulbuild”。
         正在对“x64\Debug\stereocalibrate.lastbuildstate”执行 Touch 任务。
     1>已完成生成项目“E:\cv\OpenCVbeginner\stereocalibrate\stereocalibrate\stereocalibrate.vcxproj”(build 个目标)的操作。

生成成功。

已用时间 00:00:02.34
