E:\StudyOpencv\OpenCVbeginner\stereocalibrate\stereocalibrate\x64\Debug\cl.command.1.tlog
E:\StudyOpencv\OpenCVbeginner\stereocalibrate\stereocalibrate\x64\Debug\CL.read.1.tlog
E:\StudyOpencv\OpenCVbeginner\stereocalibrate\stereocalibrate\x64\Debug\CL.write.1.tlog
E:\StudyOpencv\OpenCVbeginner\stereocalibrate\stereocalibrate\x64\Debug\link.5564.read.1.tlog
E:\StudyOpencv\OpenCVbeginner\stereocalibrate\stereocalibrate\x64\Debug\link.5564.write.1.tlog
E:\StudyOpencv\OpenCVbeginner\stereocalibrate\stereocalibrate\x64\Debug\link.5564-cvtres.read.1.tlog
E:\StudyOpencv\OpenCVbeginner\stereocalibrate\stereocalibrate\x64\Debug\link.5564-cvtres.write.1.tlog
E:\StudyOpencv\OpenCVbeginner\stereocalibrate\stereocalibrate\x64\Debug\link.740.read.1.tlog
E:\StudyOpencv\OpenCVbeginner\stereocalibrate\stereocalibrate\x64\Debug\link.740.write.1.tlog
E:\StudyOpencv\OpenCVbeginner\stereocalibrate\stereocalibrate\x64\Debug\link.740-cvtres.read.1.tlog
E:\StudyOpencv\OpenCVbeginner\stereocalibrate\stereocalibrate\x64\Debug\link.740-cvtres.write.1.tlog
E:\StudyOpencv\OpenCVbeginner\stereocalibrate\stereocalibrate\x64\Debug\link.command.1.tlog
E:\StudyOpencv\OpenCVbeginner\stereocalibrate\stereocalibrate\x64\Debug\link.read.1.tlog
E:\StudyOpencv\OpenCVbeginner\stereocalibrate\stereocalibrate\x64\Debug\link.write.1.tlog
E:\StudyOpencv\OpenCVbeginner\stereocalibrate\stereocalibrate\x64\Debug\link-cvtres.read.1.tlog
E:\StudyOpencv\OpenCVbeginner\stereocalibrate\stereocalibrate\x64\Debug\link-cvtres.write.1.tlog
E:\StudyOpencv\OpenCVbeginner\stereocalibrate\stereocalibrate\x64\Debug\mt.command.1.tlog
E:\StudyOpencv\OpenCVbeginner\stereocalibrate\stereocalibrate\x64\Debug\mt.read.1.tlog
E:\StudyOpencv\OpenCVbeginner\stereocalibrate\stereocalibrate\x64\Debug\mt.write.1.tlog
E:\StudyOpencv\OpenCVbeginner\stereocalibrate\stereocalibrate\x64\Debug\rc.command.1.tlog
E:\StudyOpencv\OpenCVbeginner\stereocalibrate\stereocalibrate\x64\Debug\rc.read.1.tlog
E:\StudyOpencv\OpenCVbeginner\stereocalibrate\stereocalibrate\x64\Debug\rc.write.1.tlog
E:\STUDYOPENCV\OPENCVBEGINNER\STEREOCALIBRATE\STEREOCALIBRATE\X64\DEBUG\STEREOCALIBRATE.EXE.EMBED.MANIFEST
E:\STUDYOPENCV\OPENCVBEGINNER\STEREOCALIBRATE\STEREOCALIBRATE\X64\DEBUG\STEREOCALIBRATE.EXE.EMBED.MANIFEST.RES
E:\STUDYOPENCV\OPENCVBEGINNER\STEREOCALIBRATE\STEREOCALIBRATE\X64\DEBUG\STEREOCALIBRATE.EXE.INTERMEDIATE.MANIFEST
E:\STUDYOPENCV\OPENCVBEGINNER\STEREOCALIBRATE\STEREOCALIBRATE\X64\DEBUG\STEREOCALIBRATE.OBJ
E:\StudyOpencv\OpenCVbeginner\stereocalibrate\stereocalibrate\x64\Debug\stereocalibrate_manifest.rc
E:\StudyOpencv\OpenCVbeginner\stereocalibrate\stereocalibrate\x64\Debug\vc100.idb
E:\STUDYOPENCV\OPENCVBEGINNER\STEREOCALIBRATE\STEREOCALIBRATE\X64\DEBUG\VC100.PDB
E:\STUDYOPENCV\OPENCVBEGINNER\STEREOCALIBRATE\X64\DEBUG\STEREOCALIBRATE.EXE
E:\STUDYOPENCV\OPENCVBEGINNER\STEREOCALIBRATE\X64\DEBUG\STEREOCALIBRATE.ILK
E:\STUDYOPENCV\OPENCVBEGINNER\STEREOCALIBRATE\X64\DEBUG\STEREOCALIBRATE.PDB
