生成启动时间为 2016/10/17 11:53:31。
     1>项目“E:\StudyOpencv\OpenCVbeginner\HelloOpenCV\HelloOpenCV\HelloOpenCV.vcxproj”在节点 2 上(build 个目标)。
     1>InitializeBuildStatus:
         正在创建“Debug\HelloOpenCV.unsuccessfulbuild”，因为已指定“AlwaysCreate”。
       ClCompile:
         D:\Program Files\vs2010\VC\bin\CL.exe /c /ZI /nologo /W3 /WX- /Od /Oy- /D WIN32 /D _DEBUG /D _CONSOLE /D _UNICODE /D UNICODE /Gm /EHsc /RTC1 /MDd /GS /fp:precise /Zc:wchar_t /Zc:forScope /Fo"Debug\\" /Fd"Debug\vc100.pdb" /Gd /TP /analyze- /errorReport:prompt main.cpp
         main.cpp
       ManifestResourceCompile:
         C:\Program Files (x86)\Microsoft SDKs\Windows\v7.0A\bin\rc.exe /nologo /fo"Debug\HelloOpenCV.exe.embed.manifest.res" Debug\HelloOpenCV_manifest.rc 
       Link:
         D:\Program Files\vs2010\VC\bin\link.exe /ERRORREPORT:PROMPT /OUT:"E:\StudyOpencv\OpenCVbeginner\HelloOpenCV\Debug\HelloOpenCV.exe" /INCREMENTAL /NOLOGO opencv_calib3d249d.lib opencv_contrib249d.lib opencv_core249d.lib opencv_features2d249d.lib opencv_flann249d.lib opencv_gpu249d.lib opencv_highgui249d.lib opencv_imgproc249d.lib opencv_legacy249d.lib opencv_ml249d.lib opencv_nonfree249d.lib opencv_objdetect249d.lib opencv_ocl249d.lib opencv_photo249d.lib opencv_stitching249d.lib opencv_superres249d.lib opencv_ts249d.lib opencv_video249d.lib opencv_videostab249d.lib kernel32.lib user32.lib gdi32.lib winspool.lib comdlg32.lib advapi32.lib shell32.lib ole32.lib oleaut32.lib uuid.lib odbc32.lib odbccp32.lib /MANIFEST /ManifestFile:"Debug\HelloOpenCV.exe.intermediate.manifest" /MANIFESTUAC:"level='asInvoker' uiAccess='false'" /DEBUG /PDB:"E:\StudyOpencv\OpenCVbeginner\HelloOpenCV\Debug\HelloOpenCV.pdb" /SUBSYSTEM:CONSOLE /TLBID:1 /DYNAMICBASE /NXCOMPAT /IMPLIB:"E:\StudyOpencv\OpenCVbeginner\HelloOpenCV\Debug\HelloOpenCV.lib" /MACHINE:X86 Debug\HelloOpenCV.exe.embed.manifest.res
         Debug\main.obj
       Manifest:
         C:\Program Files (x86)\Microsoft SDKs\Windows\v7.0A\bin\mt.exe /nologo /verbose /out:"Debug\HelloOpenCV.exe.embed.manifest" /manifest Debug\HelloOpenCV.exe.intermediate.manifest
         C:\Program Files (x86)\Microsoft SDKs\Windows\v7.0A\bin\rc.exe /nologo /fo"Debug\HelloOpenCV.exe.embed.manifest.res" Debug\HelloOpenCV_manifest.rc 
       LinkEmbedManifest:
         D:\Program Files\vs2010\VC\bin\link.exe /ERRORREPORT:PROMPT /OUT:"E:\StudyOpencv\OpenCVbeginner\HelloOpenCV\Debug\HelloOpenCV.exe" /INCREMENTAL /NOLOGO opencv_calib3d249d.lib opencv_contrib249d.lib opencv_core249d.lib opencv_features2d249d.lib opencv_flann249d.lib opencv_gpu249d.lib opencv_highgui249d.lib opencv_imgproc249d.lib opencv_legacy249d.lib opencv_ml249d.lib opencv_nonfree249d.lib opencv_objdetect249d.lib opencv_ocl249d.lib opencv_photo249d.lib opencv_stitching249d.lib opencv_superres249d.lib opencv_ts249d.lib opencv_video249d.lib opencv_videostab249d.lib kernel32.lib user32.lib gdi32.lib winspool.lib comdlg32.lib advapi32.lib shell32.lib ole32.lib oleaut32.lib uuid.lib odbc32.lib odbccp32.lib /MANIFEST /ManifestFile:"Debug\HelloOpenCV.exe.intermediate.manifest" /MANIFESTUAC:"level='asInvoker' uiAccess='false'" /DEBUG /PDB:"E:\StudyOpencv\OpenCVbeginner\HelloOpenCV\Debug\HelloOpenCV.pdb" /SUBSYSTEM:CONSOLE /TLBID:1 /DYNAMICBASE /NXCOMPAT /IMPLIB:"E:\StudyOpencv\OpenCVbeginner\HelloOpenCV\Debug\HelloOpenCV.lib" /MACHINE:X86 Debug\HelloOpenCV.exe.embed.manifest.res
         Debug\main.obj
         HelloOpenCV.vcxproj -> E:\StudyOpencv\OpenCVbeginner\HelloOpenCV\Debug\HelloOpenCV.exe
       FinalizeBuildStatus:
         正在删除文件“Debug\HelloOpenCV.unsuccessfulbuild”。
         正在对“Debug\HelloOpenCV.lastbuildstate”执行 Touch 任务。
     1>已完成生成项目“E:\StudyOpencv\OpenCVbeginner\HelloOpenCV\HelloOpenCV\HelloOpenCV.vcxproj”(build 个目标)的操作。

生成成功。

已用时间 00:00:06.43
