生成启动时间为 2016/10/19 17:37:39。
     1>项目“E:\StudyOpencv\OpenCVbeginner\cameracalib\cameracalib\cameracalib.vcxproj”在节点 2 上(build 个目标)。
     1>PrepareForBuild:
         正在创建目录“E:\StudyOpencv\OpenCVbeginner\cameracalib\Debug\”。
       InitializeBuildStatus:
         正在创建“Debug\cameracalib.unsuccessfulbuild”，因为已指定“AlwaysCreate”。
       ClCompile:
         D:\Program Files\vs2010\VC\bin\CL.exe /c /ZI /nologo /W3 /WX- /Od /Oy- /D WIN32 /D _DEBUG /D _CONSOLE /D _UNICODE /D UNICODE /Gm /EHsc /RTC1 /MDd /GS /fp:precise /Zc:wchar_t /Zc:forScope /Fo"Debug\\" /Fd"Debug\vc100.pdb" /Gd /TP /analyze- /errorReport:prompt calib.cpp
         calib.cpp
     1>e:\studyopencv\opencvbeginner\cameracalib\cameracalib\calib.cpp : warning C4819: 该文件包含不能在当前代码页(936)中表示的字符。请将该文件保存为 Unicode 格式以防止数据丢失
     1>e:\studyopencv\opencvbeginner\cameracalib\cameracalib\calib.cpp(123): warning C4244: “=”: 从“int”转换到“float”，可能丢失数据
     1>e:\studyopencv\opencvbeginner\cameracalib\cameracalib\calib.cpp(124): warning C4244: “=”: 从“int”转换到“float”，可能丢失数据
       ManifestResourceCompile:
         C:\Program Files (x86)\Microsoft SDKs\Windows\v7.0A\bin\rc.exe /nologo /fo"Debug\cameracalib.exe.embed.manifest.res" Debug\cameracalib_manifest.rc 
       Link:
         D:\Program Files\vs2010\VC\bin\link.exe /ERRORREPORT:PROMPT /OUT:"E:\StudyOpencv\OpenCVbeginner\cameracalib\Debug\cameracalib.exe" /INCREMENTAL /NOLOGO opencv_calib3d249d.lib opencv_contrib249d.lib opencv_core249d.lib opencv_features2d249d.lib opencv_flann249d.lib opencv_gpu249d.lib opencv_highgui249d.lib opencv_imgproc249d.lib opencv_legacy249d.lib opencv_ml249d.lib opencv_nonfree249d.lib opencv_objdetect249d.lib opencv_ocl249d.lib opencv_photo249d.lib opencv_stitching249d.lib opencv_superres249d.lib opencv_ts249d.lib opencv_video249d.lib opencv_videostab249d.lib kernel32.lib user32.lib gdi32.lib winspool.lib comdlg32.lib advapi32.lib shell32.lib ole32.lib oleaut32.lib uuid.lib odbc32.lib odbccp32.lib /MANIFEST /ManifestFile:"Debug\cameracalib.exe.intermediate.manifest" /MANIFESTUAC:"level='asInvoker' uiAccess='false'" /DEBUG /PDB:"E:\StudyOpencv\OpenCVbeginner\cameracalib\Debug\cameracalib.pdb" /SUBSYSTEM:CONSOLE /TLBID:1 /DYNAMICBASE /NXCOMPAT /IMPLIB:"E:\StudyOpencv\OpenCVbeginner\cameracalib\Debug\cameracalib.lib" /MACHINE:X86 Debug\cameracalib.exe.embed.manifest.res
         Debug\calib.obj
       Manifest:
         C:\Program Files (x86)\Microsoft SDKs\Windows\v7.0A\bin\mt.exe /nologo /verbose /out:"Debug\cameracalib.exe.embed.manifest" /manifest Debug\cameracalib.exe.intermediate.manifest
         C:\Program Files (x86)\Microsoft SDKs\Windows\v7.0A\bin\rc.exe /nologo /fo"Debug\cameracalib.exe.embed.manifest.res" Debug\cameracalib_manifest.rc 
       LinkEmbedManifest:
         D:\Program Files\vs2010\VC\bin\link.exe /ERRORREPORT:PROMPT /OUT:"E:\StudyOpencv\OpenCVbeginner\cameracalib\Debug\cameracalib.exe" /INCREMENTAL /NOLOGO opencv_calib3d249d.lib opencv_contrib249d.lib opencv_core249d.lib opencv_features2d249d.lib opencv_flann249d.lib opencv_gpu249d.lib opencv_highgui249d.lib opencv_imgproc249d.lib opencv_legacy249d.lib opencv_ml249d.lib opencv_nonfree249d.lib opencv_objdetect249d.lib opencv_ocl249d.lib opencv_photo249d.lib opencv_stitching249d.lib opencv_superres249d.lib opencv_ts249d.lib opencv_video249d.lib opencv_videostab249d.lib kernel32.lib user32.lib gdi32.lib winspool.lib comdlg32.lib advapi32.lib shell32.lib ole32.lib oleaut32.lib uuid.lib odbc32.lib odbccp32.lib /MANIFEST /ManifestFile:"Debug\cameracalib.exe.intermediate.manifest" /MANIFESTUAC:"level='asInvoker' uiAccess='false'" /DEBUG /PDB:"E:\StudyOpencv\OpenCVbeginner\cameracalib\Debug\cameracalib.pdb" /SUBSYSTEM:CONSOLE /TLBID:1 /DYNAMICBASE /NXCOMPAT /IMPLIB:"E:\StudyOpencv\OpenCVbeginner\cameracalib\Debug\cameracalib.lib" /MACHINE:X86 Debug\cameracalib.exe.embed.manifest.res
         Debug\calib.obj
         cameracalib.vcxproj -> E:\StudyOpencv\OpenCVbeginner\cameracalib\Debug\cameracalib.exe
       FinalizeBuildStatus:
         正在删除文件“Debug\cameracalib.unsuccessfulbuild”。
         正在对“Debug\cameracalib.lastbuildstate”执行 Touch 任务。
     1>已完成生成项目“E:\StudyOpencv\OpenCVbeginner\cameracalib\cameracalib\cameracalib.vcxproj”(build 个目标)的操作。

生成成功。

已用时间 00:00:05.75
