生成启动时间为 2016/11/16 11:47:03。
     1>项目“E:\cv\OpenCVbeginner\stereocalibrate\stereocalibrate\stereocalibrate.vcxproj”在节点 2 上(build 个目标)。
     1>InitializeBuildStatus:
         正在创建“x64\Release\stereocalibrate.unsuccessfulbuild”，因为已指定“AlwaysCreate”。
       ClCompile:
         D:\Program File\vs2010\VC\bin\x86_amd64\CL.exe /c /Zi /nologo /W3 /WX- /O2 /Oi /GL /D WIN32 /D NDEBUG /D _CONSOLE /D _UNICODE /D UNICODE /Gm- /EHsc /MD /GS /Gy /fp:precise /Zc:wchar_t /Zc:forScope /Fo"x64\Release\\" /Fd"x64\Release\vc100.pdb" /Gd /TP /errorReport:prompt features.cpp
         features.cpp
       Link:
         D:\Program File\vs2010\VC\bin\x86_amd64\link.exe /ERRORREPORT:PROMPT /OUT:"E:\cv\OpenCVbeginner\stereocalibrate\x64\Release\stereocalibrate.exe" /INCREMENTAL:NO /NOLOGO opencv_calib3d249.lib opencv_contrib249.lib opencv_core249.lib opencv_features2d249.lib opencv_flann249.lib opencv_gpu249.lib opencv_highgui249.lib opencv_imgproc249.lib opencv_legacy249.lib opencv_ml249.lib opencv_nonfree249.lib opencv_objdetect249.lib opencv_ocl249.lib opencv_photo249.lib opencv_stitching249.lib opencv_superres249.lib opencv_ts249.lib opencv_video249.lib opencv_videostab249.lib kernel32.lib user32.lib gdi32.lib winspool.lib comdlg32.lib advapi32.lib shell32.lib ole32.lib oleaut32.lib uuid.lib odbc32.lib odbccp32.lib /MANIFEST /ManifestFile:"x64\Release\stereocalibrate.exe.intermediate.manifest" /MANIFESTUAC:"level='asInvoker' uiAccess='false'" /PDB:"E:\cv\OpenCVbeginner\stereocalibrate\x64\Release\stereocalibrate.pdb" /SUBSYSTEM:CONSOLE /OPT:REF /OPT:ICF /LTCG /TLBID:1 /DYNAMICBASE /NXCOMPAT /IMPLIB:"E:\cv\OpenCVbeginner\stereocalibrate\x64\Release\stereocalibrate.lib" /MACHINE:X64 x64\Release\features.obj
         x64\Release\handdetect.obj
         x64\Release\main.obj
         x64\Release\opticaltrack.obj
         x64\Release\picturegrub.obj
         x64\Release\pointcloud.obj
         x64\Release\segmentation.obj
         x64\Release\stereocalib.obj
         x64\Release\stereomatch.obj
         正在生成代码
         已完成代码的生成
         stereocalibrate.vcxproj -> E:\cv\OpenCVbeginner\stereocalibrate\x64\Release\stereocalibrate.exe
       Manifest:
         C:\Program Files (x86)\Microsoft SDKs\Windows\v7.0A\bin\mt.exe /nologo /verbose /outputresource:"E:\cv\OpenCVbeginner\stereocalibrate\x64\Release\stereocalibrate.exe;#1" /manifest x64\Release\stereocalibrate.exe.intermediate.manifest
       FinalizeBuildStatus:
         正在删除文件“x64\Release\stereocalibrate.unsuccessfulbuild”。
         正在对“x64\Release\stereocalibrate.lastbuildstate”执行 Touch 任务。
     1>已完成生成项目“E:\cv\OpenCVbeginner\stereocalibrate\stereocalibrate\stereocalibrate.vcxproj”(build 个目标)的操作。

生成成功。

已用时间 00:00:04.35
